This XML file does not appear to have any style information associated with it. The document tree is shown below.
<ListBucketResult xmlns="http://s3.amazonaws.com/doc/2006-03-01/">
<Name>bucket_a</Name>
<Prefix/>
<Marker/>
<MaxKeys>1000</MaxKeys>
<IsTruncated>false</IsTruncated>
<Contents>
<Key>keynum1</Key>
<LastModified>2015-10-29T17:43:09.000Z</LastModified>
<ETag>"45df7db598d2dbfcfc867393f6812fab"</ETag>
<Size>19</Size>
<StorageClass>STANDARD</StorageClass>
<Owner>
<ID>195f5affa1444e52a1bf5727dcff4002</ID>
<DisplayName>admintenant</DisplayName>
</Owner>
</Contents>
<Contents>
<Key>keynum10</Key>
<LastModified>2015-10-29T17:43:15.000Z</LastModified>
<ETag>"8ab424cdc5aff1c9854eb2cf8952adc7"</ETag>
<Size>20</Size>
<StorageClass>STANDARD</StorageClass>
<Owner>
<ID>195f5affa1444e52a1bf5727dcff4002</ID>
<DisplayName>admintenant</DisplayName>
</Owner>
</Contents>
<Contents>
<Key>keynum2</Key>
<LastModified>2015-10-29T17:43:09.000Z</LastModified>
<ETag>"7b918b398f552e5f7646949682456536"</ETag>
<Size>19</Size>
<StorageClass>STANDARD</StorageClass>
<Owner>
<ID>195f5affa1444e52a1bf5727dcff4002</ID>
<DisplayName>admintenant</DisplayName>
</Owner>
</Contents>
<Contents>
<Key>keynum3</Key>
<LastModified>2015-10-29T17:43:10.000Z</LastModified>
<ETag>"1ec7fd75a71b6b17b277bd85451f9ce1"</ETag>
<Size>19</Size>
<StorageClass>STANDARD</StorageClass>
<Owner>
<ID>195f5affa1444e52a1bf5727dcff4002</ID>
<DisplayName>admintenant</DisplayName>
</Owner>
</Contents>
<Contents>
<Key>keynum4</Key>
<LastModified>2015-10-29T17:43:11.000Z</LastModified>
<ETag>"4ab48b3625e46297724983efc8d2293f"</ETag>
<Size>19</Size>
<StorageClass>STANDARD</StorageClass>
<Owner>
<ID>195f5affa1444e52a1bf5727dcff4002</ID>
<DisplayName>admintenant</DisplayName>
</Owner>
</Contents>
<Contents>
<Key>keynum5</Key>
<LastModified>2015-10-29T17:43:12.000Z</LastModified>
<ETag>"d66947ccb934a9cd93e6221762764dc7"</ETag>
<Size>19</Size>
<StorageClass>STANDARD</StorageClass>
<Owner>
<ID>195f5affa1444e52a1bf5727dcff4002</ID>
<DisplayName>admintenant</DisplayName>
</Owner>
</Contents>
<Contents>
<Key>keynum6</Key>
<LastModified>2015-10-29T17:43:12.000Z</LastModified>
<ETag>"d0fba0f45b7f42ada037cabacf171d11"</ETag>
<Size>19</Size>
<StorageClass>STANDARD</StorageClass>
<Owner>
<ID>195f5affa1444e52a1bf5727dcff4002</ID>
<DisplayName>admintenant</DisplayName>
</Owner>
</Contents>
<Contents>
<Key>keynum7</Key>
<LastModified>2015-10-29T17:43:13.000Z</LastModified>
<ETag>"0ba1abf4a2dcdaca71e991eae7b0bf9b"</ETag>
<Size>19</Size>
<StorageClass>STANDARD</StorageClass>
<Owner>
<ID>195f5affa1444e52a1bf5727dcff4002</ID>
<DisplayName>admintenant</DisplayName>
</Owner>
</Contents>
<Contents>
<Key>keynum8</Key>
<LastModified>2015-10-29T17:43:14.000Z</LastModified>
<ETag>"d14c0695b001fd762de284cbe047d89d"</ETag>
<Size>19</Size>
<StorageClass>STANDARD</StorageClass>
<Owner>
<ID>195f5affa1444e52a1bf5727dcff4002</ID>
<DisplayName>admintenant</DisplayName>
</Owner>
</Contents>
<Contents>
<Key>keynum9</Key>
<LastModified>2015-10-29T17:43:14.000Z</LastModified>
<ETag>"3c7d8ae15b524f22e0d972e4f0f2e7cc"</ETag>
<Size>19</Size>
<StorageClass>STANDARD</StorageClass>
<Owner>
<ID>195f5affa1444e52a1bf5727dcff4002</ID>
<DisplayName>admintenant</DisplayName>
</Owner>
</Contents>
</ListBucketResult>
