Making connections...

Creating and populating the bucket for user1...
	Creating obj 1
	Creating obj 2
	Creating obj 3
	Creating obj 4
	Creating obj 5
	Creating obj 6
	Creating obj 7
	Creating obj 8
	Creating obj 9
	Creating obj 10

Setting ACL...
Trying to get a private bucket which belongs to user1
Unexpected error:  (<class 'boto.exception.S3ResponseError'>, S3ResponseError: 403 Forbidden
<?xml version="1.0" encoding="UTF-8"?><Error><Code>AccessDenied</Code></Error>, <traceback object at 0x7fb5ee09ff80>)

Cleaning up...
Attemting to list buckets for both users
First user's buckets:
Second user's buckets:
