Making connections...

Creating and populating the bucket for user1...
	Creating obj 1
	Creating obj 2
	Creating obj 3
	Creating obj 4
	Creating obj 5
	Creating obj 6
	Creating obj 7
	Creating obj 8
	Creating obj 9
	Creating obj 10

Setting ACL...

U1: Trying to delete existing object

Listing bucket contents
Object: <Key: bucket_a,keynum10>
Object: <Key: bucket_a,keynum2>
Object: <Key: bucket_a,keynum3>
Object: <Key: bucket_a,keynum4>
Object: <Key: bucket_a,keynum5>
Object: <Key: bucket_a,keynum6>
Object: <Key: bucket_a,keynum7>
Object: <Key: bucket_a,keynum8>
Object: <Key: bucket_a,keynum9>

U1: Trying to delete non existing object
Deleting keynum200
Deleting keynum201
Deleting keynum202
Deleting keynum203
Deleting keynum204
Deleting keynum205
Deleting keynum206
Deleting keynum207
Deleting keynum208
Deleting keynum209

Listing bucket contents
Object: <Key: bucket_a,keynum10>
Object: <Key: bucket_a,keynum2>
Object: <Key: bucket_a,keynum3>
Object: <Key: bucket_a,keynum4>
Object: <Key: bucket_a,keynum5>
Object: <Key: bucket_a,keynum6>
Object: <Key: bucket_a,keynum7>
Object: <Key: bucket_a,keynum8>
Object: <Key: bucket_a,keynum9>

Cleaning up...
Attemting to list buckets for both users
First user's buckets:
Second user's buckets:
