Making connections...

Creating and populating the bucket for user1...
	Creating obj 1
	Creating obj 2
	Creating obj 3
	Creating obj 4
	Creating obj 5
	Creating obj 6
	Creating obj 7
	Creating obj 8
	Creating obj 9
	Creating obj 10

Setting ACL...

U1: Trying list all buckets for U1

Listing all buckets for user1
Name: buck_b
Name: buck_c
Name: buck_d
Name: buck_e
Name: buck_f
Name: bucket_a

Listing bucket contents
Object: <Key: bucket_a,keynum1>
Object: <Key: bucket_a,keynum10>
Object: <Key: bucket_a,keynum2>
Object: <Key: bucket_a,keynum3>
Object: <Key: bucket_a,keynum4>
Object: <Key: bucket_a,keynum5>
Object: <Key: bucket_a,keynum6>
Object: <Key: bucket_a,keynum7>
Object: <Key: bucket_a,keynum8>
Object: <Key: bucket_a,keynum9>

Cleaning up...
Attemting to list buckets
First user's buckets:
